[debug] [2018-10-31T16:35:55.098Z] ----------------------------------------------------------------------
[debug] [2018-10-31T16:35:55.101Z] Command:       /usr/bin/node /usr/bin/firebase init
[debug] [2018-10-31T16:35:55.102Z] CLI Version:   6.0.0
[debug] [2018-10-31T16:35:55.102Z] Platform:      linux
[debug] [2018-10-31T16:35:55.102Z] Node Version:  v8.11.2
[debug] [2018-10-31T16:35:55.102Z] Time:          Wed Oct 31 2018 14:35:55 GMT-0200 (BRST)
[debug] [2018-10-31T16:35:55.102Z] ----------------------------------------------------------------------
[debug] 
[debug] [2018-10-31T16:35:55.110Z] > command requires scopes: ["email","openid","https://www.googleapis.com/auth/cloudplatformprojects.readonly","https://www.googleapis.com/auth/firebase","https://www.googleapis.com/auth/cloud-platform"]
[debug] [2018-10-31T16:35:55.110Z] > authorizing via signed-in user
[info] 
     ######## #### ########  ######## ########     ###     ######  ########
     ##        ##  ##     ## ##       ##     ##  ##   ##  ##       ##
     ######    ##  ########  ######   ########  #########  ######  ######
     ##        ##  ##    ##  ##       ##     ## ##     ##       ## ##
     ##       #### ##     ## ######## ########  ##     ##  ######  ########

You're about to initialize a Firebase project in this directory:

  /home/laboratoria/veronica/react-portifolio/my-app

[info] 
=== Project Setup
[info] 
[info] First, let's associate this project directory with a Firebase project.
[info] You can create multiple project aliases by running firebase use --add, 
[info] but for now we'll just set up a default project.
[info] 
[debug] [2018-10-31T16:36:02.015Z] >>> HTTP REQUEST GET https://firebase.googleapis.com/v1beta1/projects?page_size=100  
 
[debug] [2018-10-31T16:36:02.306Z] Error: unable to get local issuer certificate
    at TLSSocket.<anonymous> (_tls_wrap.js:1105:38)
    at emitNone (events.js:106:13)
    at TLSSocket.emit (events.js:208:7)
    at TLSSocket._finishInit (_tls_wrap.js:639:8)
    at TLSWrap.ssl.onhandshakedone (_tls_wrap.js:469:38)
[error] 
[error] Error: Server Error. unable to get local issuer certificate
[debug] [2018-10-31T17:03:01.709Z] ----------------------------------------------------------------------
[debug] [2018-10-31T17:03:01.713Z] Command:       /usr/bin/node /usr/bin/firebase init
[debug] [2018-10-31T17:03:01.713Z] CLI Version:   6.0.0
[debug] [2018-10-31T17:03:01.714Z] Platform:      linux
[debug] [2018-10-31T17:03:01.714Z] Node Version:  v8.11.2
[debug] [2018-10-31T17:03:01.714Z] Time:          Wed Oct 31 2018 15:03:01 GMT-0200 (BRST)
[debug] [2018-10-31T17:03:01.714Z] ----------------------------------------------------------------------
[debug] 
[debug] [2018-10-31T17:03:01.723Z] > command requires scopes: ["email","openid","https://www.googleapis.com/auth/cloudplatformprojects.readonly","https://www.googleapis.com/auth/firebase","https://www.googleapis.com/auth/cloud-platform"]
[debug] [2018-10-31T17:03:01.723Z] > authorizing via signed-in user
[info] 
     ######## #### ########  ######## ########     ###     ######  ########
     ##        ##  ##     ## ##       ##     ##  ##   ##  ##       ##
     ######    ##  ########  ######   ########  #########  ######  ######
     ##        ##  ##    ##  ##       ##     ## ##     ##       ## ##
     ##       #### ##     ## ######## ########  ##     ##  ######  ########

You're about to initialize a Firebase project in this directory:

  /home/laboratoria/veronica/react-portifolio/my-app

[info] 
=== Project Setup
[info] 
[info] First, let's associate this project directory with a Firebase project.
[info] You can create multiple project aliases by running firebase use --add, 
[info] but for now we'll just set up a default project.
[info] 
[debug] [2018-10-31T17:03:05.394Z] > refreshing access token with scopes: ["email","https://www.googleapis.com/auth/cloud-platform","https://www.googleapis.com/auth/cloudplatformprojects.readonly","https://www.googleapis.com/auth/firebase","openid"]
[debug] [2018-10-31T17:03:05.395Z] >>> HTTP REQUEST POST https://www.googleapis.com/oauth2/v3/token  
 <request body omitted>
[debug] [2018-10-31T17:03:05.777Z] <<< HTTP RESPONSE 200
[debug] [2018-10-31T17:03:05.780Z] >>> HTTP REQUEST GET https://firebase.googleapis.com/v1beta1/projects?page_size=100  
 
[debug] [2018-10-31T17:03:11.058Z] Error: unable to get local issuer certificate
    at TLSSocket.<anonymous> (_tls_wrap.js:1105:38)
    at emitNone (events.js:106:13)
    at TLSSocket.emit (events.js:208:7)
    at TLSSocket._finishInit (_tls_wrap.js:639:8)
    at TLSWrap.ssl.onhandshakedone (_tls_wrap.js:469:38)
[error] 
[error] Error: Server Error. unable to get local issuer certificate
[debug] [2018-10-31T17:05:56.311Z] ----------------------------------------------------------------------
[debug] [2018-10-31T17:05:56.314Z] Command:       /usr/bin/node /usr/bin/firebase init
[debug] [2018-10-31T17:05:56.315Z] CLI Version:   6.0.0
[debug] [2018-10-31T17:05:56.315Z] Platform:      linux
[debug] [2018-10-31T17:05:56.315Z] Node Version:  v8.11.2
[debug] [2018-10-31T17:05:56.315Z] Time:          Wed Oct 31 2018 15:05:56 GMT-0200 (BRST)
[debug] [2018-10-31T17:05:56.315Z] ----------------------------------------------------------------------
[debug] 
[debug] [2018-10-31T17:05:56.324Z] > command requires scopes: ["email","openid","https://www.googleapis.com/auth/cloudplatformprojects.readonly","https://www.googleapis.com/auth/firebase","https://www.googleapis.com/auth/cloud-platform"]
[debug] [2018-10-31T17:05:56.324Z] > authorizing via signed-in user
[info] 
     ######## #### ########  ######## ########     ###     ######  ########
     ##        ##  ##     ## ##       ##     ##  ##   ##  ##       ##
     ######    ##  ########  ######   ########  #########  ######  ######
     ##        ##  ##    ##  ##       ##     ## ##     ##       ## ##
     ##       #### ##     ## ######## ########  ##     ##  ######  ########

You're about to initialize a Firebase project in this directory:

  /home/laboratoria/veronica/react-portifolio/my-app

[info] 
=== Project Setup
[info] 
[info] First, let's associate this project directory with a Firebase project.
[info] You can create multiple project aliases by running firebase use --add, 
[info] but for now we'll just set up a default project.
[info] 
[debug] [2018-10-31T17:06:02.137Z] >>> HTTP REQUEST GET https://firebase.googleapis.com/v1beta1/projects?page_size=100  
 
[debug] [2018-10-31T17:06:02.435Z] Error: unable to get local issuer certificate
    at TLSSocket.<anonymous> (_tls_wrap.js:1105:38)
    at emitNone (events.js:106:13)
    at TLSSocket.emit (events.js:208:7)
    at TLSSocket._finishInit (_tls_wrap.js:639:8)
    at TLSWrap.ssl.onhandshakedone (_tls_wrap.js:469:38)
[error] 
[error] Error: Server Error. unable to get local issuer certificate
[debug] [2018-10-31T17:11:27.172Z] ----------------------------------------------------------------------
[debug] [2018-10-31T17:11:27.175Z] Command:       /usr/bin/node /usr/bin/firebase init
[debug] [2018-10-31T17:11:27.175Z] CLI Version:   6.0.0
[debug] [2018-10-31T17:11:27.175Z] Platform:      linux
[debug] [2018-10-31T17:11:27.175Z] Node Version:  v8.11.2
[debug] [2018-10-31T17:11:27.176Z] Time:          Wed Oct 31 2018 15:11:27 GMT-0200 (BRST)
[debug] [2018-10-31T17:11:27.176Z] ----------------------------------------------------------------------
[debug] 
[debug] [2018-10-31T17:11:27.183Z] > command requires scopes: ["email","openid","https://www.googleapis.com/auth/cloudplatformprojects.readonly","https://www.googleapis.com/auth/firebase","https://www.googleapis.com/auth/cloud-platform"]
[debug] [2018-10-31T17:11:27.184Z] > authorizing via signed-in user
[info] 
     ######## #### ########  ######## ########     ###     ######  ########
     ##        ##  ##     ## ##       ##     ##  ##   ##  ##       ##
     ######    ##  ########  ######   ########  #########  ######  ######
     ##        ##  ##    ##  ##       ##     ## ##     ##       ## ##
     ##       #### ##     ## ######## ########  ##     ##  ######  ########

You're about to initialize a Firebase project in this directory:

  /home/laboratoria/veronica/react-portifolio/my-app

[info] 
=== Project Setup
[info] 
[info] First, let's associate this project directory with a Firebase project.
[info] You can create multiple project aliases by running firebase use --add, 
[info] but for now we'll just set up a default project.
[info] 
[debug] [2018-10-31T17:11:33.486Z] >>> HTTP REQUEST GET https://firebase.googleapis.com/v1beta1/projects?page_size=100  
 
[debug] [2018-10-31T17:11:33.901Z] Error: unable to get local issuer certificate
    at TLSSocket.<anonymous> (_tls_wrap.js:1105:38)
    at emitNone (events.js:106:13)
    at TLSSocket.emit (events.js:208:7)
    at TLSSocket._finishInit (_tls_wrap.js:639:8)
    at TLSWrap.ssl.onhandshakedone (_tls_wrap.js:469:38)
[error] 
[error] Error: Server Error. unable to get local issuer certificate
